#! /opt/homebrew/Cellar/icarus-verilog/12.0/bin/vvp
:ivl_version "12.0 (stable)";
:ivl_delay_selection "TYPICAL";
:vpi_time_precision + 0;
:vpi_module "/opt/homebrew/Cellar/icarus-verilog/12.0/lib/ivl/system.vpi";
:vpi_module "/opt/homebrew/Cellar/icarus-verilog/12.0/lib/ivl/vhdl_sys.vpi";
:vpi_module "/opt/homebrew/Cellar/icarus-verilog/12.0/lib/ivl/vhdl_textio.vpi";
:vpi_module "/opt/homebrew/Cellar/icarus-verilog/12.0/lib/ivl/v2005_math.vpi";
:vpi_module "/opt/homebrew/Cellar/icarus-verilog/12.0/lib/ivl/va_math.vpi";
S_0x140e40d80 .scope module, "sys_array_tb" "sys_array_tb" 2 28;
 .timescale 0 0;
v0x140e74040_0 .var "clk", 0 0;
v0x140e740d0_0 .net "done", 0 0, v0x140e71380_0;  1 drivers
v0x140e74160_0 .var "inp_north0", 31 0;
v0x140e74230_0 .var "inp_north1", 31 0;
v0x140e74300_0 .var "inp_north2", 31 0;
v0x140e74410_0 .var "inp_north3", 31 0;
v0x140e744a0_0 .var "inp_west0", 31 0;
v0x140e74570_0 .var "inp_west1", 31 0;
v0x140e74640_0 .var "inp_west2", 31 0;
v0x140e74750_0 .var "inp_west3", 31 0;
v0x140e747e0_0 .var "rst", 0 0;
S_0x140e48580 .scope module, "uut" "systolic_array" 2 35, 3 28 0, S_0x140e40d80;
 .timescale 0 0;
    .port_info 0 /INPUT 32 "inp_west0";
    .port_info 1 /INPUT 32 "inp_west4";
    .port_info 2 /INPUT 32 "inp_west8";
    .port_info 3 /INPUT 32 "inp_west12";
    .port_info 4 /INPUT 32 "inp_north0";
    .port_info 5 /INPUT 32 "inp_north1";
    .port_info 6 /INPUT 32 "inp_north2";
    .port_info 7 /INPUT 32 "inp_north3";
    .port_info 8 /INPUT 1 "clk";
    .port_info 9 /INPUT 1 "rst";
    .port_info 10 /OUTPUT 1 "done";
v0x140e710e0_0 .net "clk", 0 0, v0x140e74040_0;  1 drivers
v0x140e6b900_0 .var "count", 3 0;
v0x140e71380_0 .var "done", 0 0;
v0x140e71410_0 .net "inp_north0", 31 0, v0x140e74160_0;  1 drivers
v0x140e714a0_0 .net "inp_north1", 31 0, v0x140e74230_0;  1 drivers
v0x140e71530_0 .net "inp_north2", 31 0, v0x140e74300_0;  1 drivers
v0x140e715e0_0 .net "inp_north3", 31 0, v0x140e74410_0;  1 drivers
v0x140e71690_0 .net "inp_west0", 31 0, v0x140e744a0_0;  1 drivers
v0x140e71740_0 .net "inp_west12", 31 0, v0x140e74750_0;  1 drivers
v0x140e71870_0 .net "inp_west4", 31 0, v0x140e74570_0;  1 drivers
v0x140e71900_0 .net "inp_west8", 31 0, v0x140e74640_0;  1 drivers
v0x140e71990_0 .net "outp_east0", 31 0, v0x140e65cb0_0;  1 drivers
v0x140e71a60_0 .net "outp_east1", 31 0, v0x140e66850_0;  1 drivers
v0x140e71b40_0 .net "outp_east10", 31 0, v0x140e67450_0;  1 drivers
v0x140e71c10_0 .net "outp_east11", 31 0, v0x140e67ff0_0;  1 drivers
v0x140e71ca0_0 .net "outp_east12", 31 0, v0x140e68c30_0;  1 drivers
v0x140e71d70_0 .net "outp_east13", 31 0, v0x140e697d0_0;  1 drivers
v0x140e71f40_0 .net "outp_east14", 31 0, v0x140e6a370_0;  1 drivers
v0x140e71fd0_0 .net "outp_east15", 31 0, v0x140e6af10_0;  1 drivers
v0x140e72060_0 .net "outp_east2", 31 0, v0x140e6bbe0_0;  1 drivers
v0x140e720f0_0 .net "outp_east3", 31 0, v0x140e6c790_0;  1 drivers
v0x140e72180_0 .net "outp_east4", 31 0, v0x140e6d330_0;  1 drivers
v0x140e72250_0 .net "outp_east5", 31 0, v0x140e6ded0_0;  1 drivers
v0x140e72320_0 .net "outp_east6", 31 0, v0x140e6ea70_0;  1 drivers
v0x140e723f0_0 .net "outp_east7", 31 0, v0x140e6f610_0;  1 drivers
v0x140e72480_0 .net "outp_east8", 31 0, v0x140e701b0_0;  1 drivers
v0x140e72550_0 .net "outp_east9", 31 0, v0x140e70d50_0;  1 drivers
v0x140e72620_0 .net "outp_south0", 31 0, v0x140e65dc0_0;  1 drivers
v0x140e726f0_0 .net "outp_south1", 31 0, v0x140e66980_0;  1 drivers
v0x140e727c0_0 .net "outp_south10", 31 0, v0x140e67560_0;  1 drivers
v0x140e72890_0 .net "outp_south11", 31 0, v0x140e68120_0;  1 drivers
v0x140e72960_0 .net "outp_south12", 31 0, v0x140e68d40_0;  1 drivers
v0x140e729f0_0 .net "outp_south13", 31 0, v0x140e69900_0;  1 drivers
v0x140e71e00_0 .net "outp_south14", 31 0, v0x140e6a4a0_0;  1 drivers
v0x140e72c80_0 .net "outp_south15", 31 0, v0x140e6b040_0;  1 drivers
v0x140e72d10_0 .net "outp_south2", 31 0, v0x140e6bcf0_0;  1 drivers
v0x140e72da0_0 .net "outp_south3", 31 0, v0x140e6c8c0_0;  1 drivers
v0x140e72e70_0 .net "outp_south4", 31 0, v0x140e6d460_0;  1 drivers
v0x140e72f40_0 .net "outp_south5", 31 0, v0x140e6e000_0;  1 drivers
v0x140e73010_0 .net "outp_south6", 31 0, v0x140e6eba0_0;  1 drivers
v0x140e730e0_0 .net "outp_south7", 31 0, v0x140e6f740_0;  1 drivers
v0x140e731b0_0 .net "outp_south8", 31 0, v0x140e702e0_0;  1 drivers
v0x140e73280_0 .net "outp_south9", 31 0, v0x140e70e90_0;  1 drivers
v0x140e73350_0 .net "result0", 63 0, v0x140e65e70_0;  1 drivers
v0x140e733e0_0 .net "result1", 63 0, v0x140e66a30_0;  1 drivers
v0x140e73470_0 .net "result10", 63 0, v0x140e67610_0;  1 drivers
v0x140e73500_0 .net "result11", 63 0, v0x140e681d0_0;  1 drivers
v0x140e73590_0 .net "result12", 63 0, v0x140e68dd0_0;  1 drivers
v0x140e73620_0 .net "result13", 63 0, v0x140e699b0_0;  1 drivers
v0x140e736d0_0 .net "result14", 63 0, v0x140e6a550_0;  1 drivers
v0x140e73780_0 .net "result15", 63 0, v0x140e6b0f0_0;  1 drivers
v0x140e73830_0 .net "result2", 63 0, v0x140e6bd80_0;  1 drivers
v0x140e738e0_0 .net "result3", 63 0, v0x140e6c970_0;  1 drivers
v0x140e73990_0 .net "result4", 63 0, v0x140e6d510_0;  1 drivers
v0x140e73a40_0 .net "result5", 63 0, v0x140e6e0b0_0;  1 drivers
v0x140e73af0_0 .net "result6", 63 0, v0x140e6ec60_0;  1 drivers
v0x140e73ba0_0 .net "result7", 63 0, v0x140e6f800_0;  1 drivers
v0x140e73c50_0 .net "result8", 63 0, v0x140e703a0_0;  1 drivers
v0x140e73d00_0 .net "result9", 63 0, v0x140e70f20_0;  1 drivers
v0x140e73db0_0 .net "rst", 0 0, v0x140e747e0_0;  1 drivers
S_0x140e449a0 .scope module, "P0" "block" 3 49, 4 27 0, S_0x140e48580;
 .timescale 0 0;
    .port_info 0 /INPUT 32 "inp_north";
    .port_info 1 /INPUT 32 "inp_west";
    .port_info 2 /INPUT 1 "clk";
    .port_info 3 /INPUT 1 "rst";
    .port_info 4 /OUTPUT 32 "outp_south";
    .port_info 5 /OUTPUT 32 "outp_east";
    .port_info 6 /OUTPUT 64 "result";
v0x140e4a470_0 .net *"_ivl_0", 63 0, L_0x140e74870;  1 drivers
L_0x138040010 .functor BUFT 1, C4<00000000000000000000000000000000>, C4<0>, C4<0>, C4<0>;
v0x140e657c0_0 .net *"_ivl_3", 31 0, L_0x138040010;  1 drivers
v0x140e65860_0 .net *"_ivl_4", 63 0, L_0x140e74980;  1 drivers
L_0x138040058 .functor BUFT 1, C4<00000000000000000000000000000000>, C4<0>, C4<0>, C4<0>;
v0x140e65910_0 .net *"_ivl_7", 31 0, L_0x138040058;  1 drivers
v0x140e659c0_0 .net "clk", 0 0, v0x140e74040_0;  alias, 1 drivers
v0x140e65aa0_0 .net "inp_north", 31 0, v0x140e74160_0;  alias, 1 drivers
v0x140e65b50_0 .net "inp_west", 31 0, v0x140e744a0_0;  alias, 1 drivers
v0x140e65c00_0 .net "multi", 63 0, L_0x140e74aa0;  1 drivers
v0x140e65cb0_0 .var "outp_east", 31 0;
v0x140e65dc0_0 .var "outp_south", 31 0;
v0x140e65e70_0 .var "result", 63 0;
v0x140e65f20_0 .net "rst", 0 0, v0x140e747e0_0;  alias, 1 drivers
E_0x140e0c340 .event posedge, v0x140e659c0_0, v0x140e65f20_0;
L_0x140e74870 .concat [ 32 32 0 0], v0x140e74160_0, L_0x138040010;
L_0x140e74980 .concat [ 32 32 0 0], v0x140e744a0_0, L_0x138040058;
L_0x140e74aa0 .arith/mult 64, L_0x140e74870, L_0x140e74980;
S_0x140e66030 .scope module, "P1" "block" 3 51, 4 27 0, S_0x140e48580;
 .timescale 0 0;
    .port_info 0 /INPUT 32 "inp_north";
    .port_info 1 /INPUT 32 "inp_west";
    .port_info 2 /INPUT 1 "clk";
    .port_info 3 /INPUT 1 "rst";
    .port_info 4 /OUTPUT 32 "outp_south";
    .port_info 5 /OUTPUT 32 "outp_east";
    .port_info 6 /OUTPUT 64 "result";
v0x140e662b0_0 .net *"_ivl_0", 63 0, L_0x140e74bc0;  1 drivers
L_0x1380400a0 .functor BUFT 1, C4<00000000000000000000000000000000>, C4<0>, C4<0>, C4<0>;
v0x140e66360_0 .net *"_ivl_3", 31 0, L_0x1380400a0;  1 drivers
v0x140e66410_0 .net *"_ivl_4", 63 0, L_0x140e74cc0;  1 drivers
L_0x1380400e8 .functor BUFT 1, C4<00000000000000000000000000000000>, C4<0>, C4<0>, C4<0>;
v0x140e664d0_0 .net *"_ivl_7", 31 0, L_0x1380400e8;  1 drivers
v0x140e66580_0 .net "clk", 0 0, v0x140e74040_0;  alias, 1 drivers
v0x140e66650_0 .net "inp_north", 31 0, v0x140e74230_0;  alias, 1 drivers
v0x140e666f0_0 .net "inp_west", 31 0, v0x140e65cb0_0;  alias, 1 drivers
v0x140e667b0_0 .net "multi", 63 0, L_0x140e74e00;  1 drivers
v0x140e66850_0 .var "outp_east", 31 0;
v0x140e66980_0 .var "outp_south", 31 0;
v0x140e66a30_0 .var "result", 63 0;
v0x140e66ae0_0 .net "rst", 0 0, v0x140e747e0_0;  alias, 1 drivers
L_0x140e74bc0 .concat [ 32 32 0 0], v0x140e74230_0, L_0x1380400a0;
L_0x140e74cc0 .concat [ 32 32 0 0], v0x140e65cb0_0, L_0x1380400e8;
L_0x140e74e00 .arith/mult 64, L_0x140e74bc0, L_0x140e74cc0;
S_0x140e66bf0 .scope module, "P10" "block" 3 67, 4 27 0, S_0x140e48580;
 .timescale 0 0;
    .port_info 0 /INPUT 32 "inp_north";
    .port_info 1 /INPUT 32 "inp_west";
    .port_info 2 /INPUT 1 "clk";
    .port_info 3 /INPUT 1 "rst";
    .port_info 4 /OUTPUT 32 "outp_south";
    .port_info 5 /OUTPUT 32 "outp_east";
    .port_info 6 /OUTPUT 64 "result";
v0x140e66e80_0 .net *"_ivl_0", 63 0, L_0x140e76e40;  1 drivers
L_0x138040640 .functor BUFT 1, C4<00000000000000000000000000000000>, C4<0>, C4<0>, C4<0>;
v0x140e66f30_0 .net *"_ivl_3", 31 0, L_0x138040640;  1 drivers
v0x140e66fe0_0 .net *"_ivl_4", 63 0, L_0x140e76f60;  1 drivers
L_0x138040688 .functor BUFT 1, C4<00000000000000000000000000000000>, C4<0>, C4<0>, C4<0>;
v0x140e670a0_0 .net *"_ivl_7", 31 0, L_0x138040688;  1 drivers
v0x140e67150_0 .net "clk", 0 0, v0x140e74040_0;  alias, 1 drivers
v0x140e67260_0 .net "inp_north", 31 0, v0x140e6eba0_0;  alias, 1 drivers
v0x140e672f0_0 .net "inp_west", 31 0, v0x140e70d50_0;  alias, 1 drivers
v0x140e673a0_0 .net "multi", 63 0, L_0x140e77080;  1 drivers
v0x140e67450_0 .var "outp_east", 31 0;
v0x140e67560_0 .var "outp_south", 31 0;
v0x140e67610_0 .var "result", 63 0;
v0x140e676c0_0 .net "rst", 0 0, v0x140e747e0_0;  alias, 1 drivers
L_0x140e76e40 .concat [ 32 32 0 0], v0x140e6eba0_0, L_0x138040640;
L_0x140e76f60 .concat [ 32 32 0 0], v0x140e70d50_0, L_0x138040688;
L_0x140e77080 .arith/mult 64, L_0x140e76e40, L_0x140e76f60;
S_0x140e67800 .scope module, "P11" "block" 3 68, 4 27 0, S_0x140e48580;
 .timescale 0 0;
    .port_info 0 /INPUT 32 "inp_north";
    .port_info 1 /INPUT 32 "inp_west";
    .port_info 2 /INPUT 1 "clk";
    .port_info 3 /INPUT 1 "rst";
    .port_info 4 /OUTPUT 32 "outp_south";
    .port_info 5 /OUTPUT 32 "outp_east";
    .port_info 6 /OUTPUT 64 "result";
v0x140e67a70_0 .net *"_ivl_0", 63 0, L_0x140e771a0;  1 drivers
L_0x1380406d0 .functor BUFT 1, C4<00000000000000000000000000000000>, C4<0>, C4<0>, C4<0>;
v0x140e67b10_0 .net *"_ivl_3", 31 0, L_0x1380406d0;  1 drivers
v0x140e67bc0_0 .net *"_ivl_4", 63 0, L_0x140e772c0;  1 drivers
L_0x138040718 .functor BUFT 1, C4<00000000000000000000000000000000>, C4<0>, C4<0>, C4<0>;
v0x140e67c80_0 .net *"_ivl_7", 31 0, L_0x138040718;  1 drivers
v0x140e67d30_0 .net "clk", 0 0, v0x140e74040_0;  alias, 1 drivers
v0x140e67e00_0 .net "inp_north", 31 0, v0x140e6f740_0;  alias, 1 drivers
v0x140e67eb0_0 .net "inp_west", 31 0, v0x140e67450_0;  alias, 1 drivers
v0x140e67f50_0 .net "multi", 63 0, L_0x140e773e0;  1 drivers
v0x140e67ff0_0 .var "outp_east", 31 0;
v0x140e68120_0 .var "outp_south", 31 0;
v0x140e681d0_0 .var "result", 63 0;
v0x140e68280_0 .net "rst", 0 0, v0x140e747e0_0;  alias, 1 drivers
L_0x140e771a0 .concat [ 32 32 0 0], v0x140e6f740_0, L_0x1380406d0;
L_0x140e772c0 .concat [ 32 32 0 0], v0x140e67450_0, L_0x138040718;
L_0x140e773e0 .arith/mult 64, L_0x140e771a0, L_0x140e772c0;
S_0x140e68380 .scope module, "P12" "block" 3 58, 4 27 0, S_0x140e48580;
 .timescale 0 0;
    .port_info 0 /INPUT 32 "inp_north";
    .port_info 1 /INPUT 32 "inp_west";
    .port_info 2 /INPUT 1 "clk";
    .port_info 3 /INPUT 1 "rst";
    .port_info 4 /OUTPUT 32 "outp_south";
    .port_info 5 /OUTPUT 32 "outp_east";
    .port_info 6 /OUTPUT 64 "result";
v0x140e68630_0 .net *"_ivl_0", 63 0, L_0x140e75d00;  1 drivers
L_0x138040370 .functor BUFT 1, C4<00000000000000000000000000000000>, C4<0>, C4<0>, C4<0>;
v0x140e686f0_0 .net *"_ivl_3", 31 0, L_0x138040370;  1 drivers
v0x140e68790_0 .net *"_ivl_4", 63 0, L_0x140e75e20;  1 drivers
L_0x1380403b8 .functor BUFT 1, C4<00000000000000000000000000000000>, C4<0>, C4<0>, C4<0>;
v0x140e68840_0 .net *"_ivl_7", 31 0, L_0x1380403b8;  1 drivers
v0x140e688f0_0 .net "clk", 0 0, v0x140e74040_0;  alias, 1 drivers
v0x140e68a40_0 .net "inp_north", 31 0, v0x140e702e0_0;  alias, 1 drivers
v0x140e68ad0_0 .net "inp_west", 31 0, v0x140e74750_0;  alias, 1 drivers
v0x140e68b80_0 .net "multi", 63 0, L_0x140e75f40;  1 drivers
v0x140e68c30_0 .var "outp_east", 31 0;
v0x140e68d40_0 .var "outp_south", 31 0;
v0x140e68dd0_0 .var "result", 63 0;
v0x140e68e80_0 .net "rst", 0 0, v0x140e747e0_0;  alias, 1 drivers
L_0x140e75d00 .concat [ 32 32 0 0], v0x140e702e0_0, L_0x138040370;
L_0x140e75e20 .concat [ 32 32 0 0], v0x140e74750_0, L_0x1380403b8;
L_0x140e75f40 .arith/mult 64, L_0x140e75d00, L_0x140e75e20;
S_0x140e68fc0 .scope module, "P13" "block" 3 70, 4 27 0, S_0x140e48580;
 .timescale 0 0;
    .port_info 0 /INPUT 32 "inp_north";
    .port_info 1 /INPUT 32 "inp_west";
    .port_info 2 /INPUT 1 "clk";
    .port_info 3 /INPUT 1 "rst";
    .port_info 4 /OUTPUT 32 "outp_south";
    .port_info 5 /OUTPUT 32 "outp_east";
    .port_info 6 /OUTPUT 64 "result";
v0x140e69230_0 .net *"_ivl_0", 63 0, L_0x140e77500;  1 drivers
L_0x138040760 .functor BUFT 1, C4<00000000000000000000000000000000>, C4<0>, C4<0>, C4<0>;
v0x140e692f0_0 .net *"_ivl_3", 31 0, L_0x138040760;  1 drivers
v0x140e693a0_0 .net *"_ivl_4", 63 0, L_0x140e77620;  1 drivers
L_0x1380407a8 .functor BUFT 1, C4<00000000000000000000000000000000>, C4<0>, C4<0>, C4<0>;
v0x140e69460_0 .net *"_ivl_7", 31 0, L_0x1380407a8;  1 drivers
v0x140e69510_0 .net "clk", 0 0, v0x140e74040_0;  alias, 1 drivers
v0x140e695e0_0 .net "inp_north", 31 0, v0x140e70e90_0;  alias, 1 drivers
v0x140e69690_0 .net "inp_west", 31 0, v0x140e68c30_0;  alias, 1 drivers
v0x140e69730_0 .net "multi", 63 0, L_0x140e77740;  1 drivers
v0x140e697d0_0 .var "outp_east", 31 0;
v0x140e69900_0 .var "outp_south", 31 0;
v0x140e699b0_0 .var "result", 63 0;
v0x140e69a60_0 .net "rst", 0 0, v0x140e747e0_0;  alias, 1 drivers
L_0x140e77500 .concat [ 32 32 0 0], v0x140e70e90_0, L_0x138040760;
L_0x140e77620 .concat [ 32 32 0 0], v0x140e68c30_0, L_0x1380407a8;
L_0x140e77740 .arith/mult 64, L_0x140e77500, L_0x140e77620;
S_0x140e69b60 .scope module, "P14" "block" 3 71, 4 27 0, S_0x140e48580;
 .timescale 0 0;
    .port_info 0 /INPUT 32 "inp_north";
    .port_info 1 /INPUT 32 "inp_west";
    .port_info 2 /INPUT 1 "clk";
    .port_info 3 /INPUT 1 "rst";
    .port_info 4 /OUTPUT 32 "outp_south";
    .port_info 5 /OUTPUT 32 "outp_east";
    .port_info 6 /OUTPUT 64 "result";
v0x140e69dd0_0 .net *"_ivl_0", 63 0, L_0x140e77860;  1 drivers
L_0x1380407f0 .functor BUFT 1, C4<00000000000000000000000000000000>, C4<0>, C4<0>, C4<0>;
v0x140e69e90_0 .net *"_ivl_3", 31 0, L_0x1380407f0;  1 drivers
v0x140e69f40_0 .net *"_ivl_4", 63 0, L_0x140e77980;  1 drivers
L_0x138040838 .functor BUFT 1, C4<00000000000000000000000000000000>, C4<0>, C4<0>, C4<0>;
v0x140e6a000_0 .net *"_ivl_7", 31 0, L_0x138040838;  1 drivers
v0x140e6a0b0_0 .net "clk", 0 0, v0x140e74040_0;  alias, 1 drivers
v0x140e6a180_0 .net "inp_north", 31 0, v0x140e67560_0;  alias, 1 drivers
v0x140e6a220_0 .net "inp_west", 31 0, v0x140e697d0_0;  alias, 1 drivers
v0x140e6a2d0_0 .net "multi", 63 0, L_0x140e77aa0;  1 drivers
v0x140e6a370_0 .var "outp_east", 31 0;
v0x140e6a4a0_0 .var "outp_south", 31 0;
v0x140e6a550_0 .var "result", 63 0;
v0x140e6a600_0 .net "rst", 0 0, v0x140e747e0_0;  alias, 1 drivers
L_0x140e77860 .concat [ 32 32 0 0], v0x140e67560_0, L_0x1380407f0;
L_0x140e77980 .concat [ 32 32 0 0], v0x140e697d0_0, L_0x138040838;
L_0x140e77aa0 .arith/mult 64, L_0x140e77860, L_0x140e77980;
S_0x140e6a700 .scope module, "P15" "block" 3 72, 4 27 0, S_0x140e48580;
 .timescale 0 0;
    .port_info 0 /INPUT 32 "inp_north";
    .port_info 1 /INPUT 32 "inp_west";
    .port_info 2 /INPUT 1 "clk";
    .port_info 3 /INPUT 1 "rst";
    .port_info 4 /OUTPUT 32 "outp_south";
    .port_info 5 /OUTPUT 32 "outp_east";
    .port_info 6 /OUTPUT 64 "result";
v0x140e6a970_0 .net *"_ivl_0", 63 0, L_0x140e77bc0;  1 drivers
L_0x138040880 .functor BUFT 1, C4<00000000000000000000000000000000>, C4<0>, C4<0>, C4<0>;
v0x140e6aa30_0 .net *"_ivl_3", 31 0, L_0x138040880;  1 drivers
v0x140e6aae0_0 .net *"_ivl_4", 63 0, L_0x140e77ce0;  1 drivers
L_0x1380408c8 .functor BUFT 1, C4<00000000000000000000000000000000>, C4<0>, C4<0>, C4<0>;
v0x140e6aba0_0 .net *"_ivl_7", 31 0, L_0x1380408c8;  1 drivers
v0x140e6ac50_0 .net "clk", 0 0, v0x140e74040_0;  alias, 1 drivers
v0x140e6ad20_0 .net "inp_north", 31 0, v0x140e68120_0;  alias, 1 drivers
v0x140e6adc0_0 .net "inp_west", 31 0, v0x140e6a370_0;  alias, 1 drivers
v0x140e6ae70_0 .net "multi", 63 0, L_0x140e77e00;  1 drivers
v0x140e6af10_0 .var "outp_east", 31 0;
v0x140e6b040_0 .var "outp_south", 31 0;
v0x140e6b0f0_0 .var "result", 63 0;
v0x140e6b1a0_0 .net "rst", 0 0, v0x140e747e0_0;  alias, 1 drivers
L_0x140e77bc0 .concat [ 32 32 0 0], v0x140e68120_0, L_0x138040880;
L_0x140e77ce0 .concat [ 32 32 0 0], v0x140e6a370_0, L_0x1380408c8;
L_0x140e77e00 .arith/mult 64, L_0x140e77bc0, L_0x140e77ce0;
S_0x140e6b2a0 .scope module, "P2" "block" 3 52, 4 27 0, S_0x140e48580;
 .timescale 0 0;
    .port_info 0 /INPUT 32 "inp_north";
    .port_info 1 /INPUT 32 "inp_west";
    .port_info 2 /INPUT 1 "clk";
    .port_info 3 /INPUT 1 "rst";
    .port_info 4 /OUTPUT 32 "outp_south";
    .port_info 5 /OUTPUT 32 "outp_east";
    .port_info 6 /OUTPUT 64 "result";
v0x140e6b590_0 .net *"_ivl_0", 63 0, L_0x140e74f20;  1 drivers
L_0x138040130 .functor BUFT 1, C4<00000000000000000000000000000000>, C4<0>, C4<0>, C4<0>;
v0x140e6b620_0 .net *"_ivl_3", 31 0, L_0x138040130;  1 drivers
v0x140e6b6c0_0 .net *"_ivl_4", 63 0, L_0x140e75080;  1 drivers
L_0x138040178 .functor BUFT 1, C4<00000000000000000000000000000000>, C4<0>, C4<0>, C4<0>;
v0x140e6b780_0 .net *"_ivl_7", 31 0, L_0x138040178;  1 drivers
v0x140e6b830_0 .net "clk", 0 0, v0x140e74040_0;  alias, 1 drivers
v0x140e6ba00_0 .net "inp_north", 31 0, v0x140e74300_0;  alias, 1 drivers
v0x140e6ba90_0 .net "inp_west", 31 0, v0x140e66850_0;  alias, 1 drivers
v0x140e6bb50_0 .net "multi", 63 0, L_0x140e75180;  1 drivers
v0x140e6bbe0_0 .var "outp_east", 31 0;
v0x140e6bcf0_0 .var "outp_south", 31 0;
v0x140e6bd80_0 .var "result", 63 0;
v0x140e6be10_0 .net "rst", 0 0, v0x140e747e0_0;  alias, 1 drivers
L_0x140e74f20 .concat [ 32 32 0 0], v0x140e74300_0, L_0x138040130;
L_0x140e75080 .concat [ 32 32 0 0], v0x140e66850_0, L_0x138040178;
L_0x140e75180 .arith/mult 64, L_0x140e74f20, L_0x140e75080;
S_0x140e6c000 .scope module, "P3" "block" 3 53, 4 27 0, S_0x140e48580;
 .timescale 0 0;
    .port_info 0 /INPUT 32 "inp_north";
    .port_info 1 /INPUT 32 "inp_west";
    .port_info 2 /INPUT 1 "clk";
    .port_info 3 /INPUT 1 "rst";
    .port_info 4 /OUTPUT 32 "outp_south";
    .port_info 5 /OUTPUT 32 "outp_east";
    .port_info 6 /OUTPUT 64 "result";
v0x140e6c220_0 .net *"_ivl_0", 63 0, L_0x140e752a0;  1 drivers
L_0x1380401c0 .functor BUFT 1, C4<00000000000000000000000000000000>, C4<0>, C4<0>, C4<0>;
v0x140e6c2b0_0 .net *"_ivl_3", 31 0, L_0x1380401c0;  1 drivers
v0x140e6c360_0 .net *"_ivl_4", 63 0, L_0x140e753c0;  1 drivers
L_0x138040208 .functor BUFT 1, C4<00000000000000000000000000000000>, C4<0>, C4<0>, C4<0>;
v0x140e6c420_0 .net *"_ivl_7", 31 0, L_0x138040208;  1 drivers
v0x140e6c4d0_0 .net "clk", 0 0, v0x140e74040_0;  alias, 1 drivers
v0x140e6c5a0_0 .net "inp_north", 31 0, v0x140e74410_0;  alias, 1 drivers
v0x140e6c650_0 .net "inp_west", 31 0, v0x140e6bbe0_0;  alias, 1 drivers
v0x140e6c6f0_0 .net "multi", 63 0, L_0x140e754e0;  1 drivers
v0x140e6c790_0 .var "outp_east", 31 0;
v0x140e6c8c0_0 .var "outp_south", 31 0;
v0x140e6c970_0 .var "result", 63 0;
v0x140e6ca20_0 .net "rst", 0 0, v0x140e747e0_0;  alias, 1 drivers
L_0x140e752a0 .concat [ 32 32 0 0], v0x140e74410_0, L_0x1380401c0;
L_0x140e753c0 .concat [ 32 32 0 0], v0x140e6bbe0_0, L_0x138040208;
L_0x140e754e0 .arith/mult 64, L_0x140e752a0, L_0x140e753c0;
S_0x140e6cb20 .scope module, "P4" "block" 3 56, 4 27 0, S_0x140e48580;
 .timescale 0 0;
    .port_info 0 /INPUT 32 "inp_north";
    .port_info 1 /INPUT 32 "inp_west";
    .port_info 2 /INPUT 1 "clk";
    .port_info 3 /INPUT 1 "rst";
    .port_info 4 /OUTPUT 32 "outp_south";
    .port_info 5 /OUTPUT 32 "outp_east";
    .port_info 6 /OUTPUT 64 "result";
v0x140e6cd90_0 .net *"_ivl_0", 63 0, L_0x140e75600;  1 drivers
L_0x138040250 .functor BUFT 1, C4<00000000000000000000000000000000>, C4<0>, C4<0>, C4<0>;
v0x140e6ce50_0 .net *"_ivl_3", 31 0, L_0x138040250;  1 drivers
v0x140e6cf00_0 .net *"_ivl_4", 63 0, L_0x140e757a0;  1 drivers
L_0x138040298 .functor BUFT 1, C4<00000000000000000000000000000000>, C4<0>, C4<0>, C4<0>;
v0x140e6cfc0_0 .net *"_ivl_7", 31 0, L_0x138040298;  1 drivers
v0x140e6d070_0 .net "clk", 0 0, v0x140e74040_0;  alias, 1 drivers
v0x140e6d140_0 .net "inp_north", 31 0, v0x140e65dc0_0;  alias, 1 drivers
v0x140e6d1e0_0 .net "inp_west", 31 0, v0x140e74570_0;  alias, 1 drivers
v0x140e6d280_0 .net "multi", 63 0, L_0x140e758a0;  1 drivers
v0x140e6d330_0 .var "outp_east", 31 0;
v0x140e6d460_0 .var "outp_south", 31 0;
v0x140e6d510_0 .var "result", 63 0;
v0x140e6d5c0_0 .net "rst", 0 0, v0x140e747e0_0;  alias, 1 drivers
L_0x140e75600 .concat [ 32 32 0 0], v0x140e65dc0_0, L_0x138040250;
L_0x140e757a0 .concat [ 32 32 0 0], v0x140e74570_0, L_0x138040298;
L_0x140e758a0 .arith/mult 64, L_0x140e75600, L_0x140e757a0;
S_0x140e6d6c0 .scope module, "P5" "block" 3 62, 4 27 0, S_0x140e48580;
 .timescale 0 0;
    .port_info 0 /INPUT 32 "inp_north";
    .port_info 1 /INPUT 32 "inp_west";
    .port_info 2 /INPUT 1 "clk";
    .port_info 3 /INPUT 1 "rst";
    .port_info 4 /OUTPUT 32 "outp_south";
    .port_info 5 /OUTPUT 32 "outp_east";
    .port_info 6 /OUTPUT 64 "result";
v0x140e6d930_0 .net *"_ivl_0", 63 0, L_0x140e76060;  1 drivers
L_0x138040400 .functor BUFT 1, C4<00000000000000000000000000000000>, C4<0>, C4<0>, C4<0>;
v0x140e6d9f0_0 .net *"_ivl_3", 31 0, L_0x138040400;  1 drivers
v0x140e6daa0_0 .net *"_ivl_4", 63 0, L_0x140e76160;  1 drivers
L_0x138040448 .functor BUFT 1, C4<00000000000000000000000000000000>, C4<0>, C4<0>, C4<0>;
v0x140e6db60_0 .net *"_ivl_7", 31 0, L_0x138040448;  1 drivers
v0x140e6dc10_0 .net "clk", 0 0, v0x140e74040_0;  alias, 1 drivers
v0x140e6dce0_0 .net "inp_north", 31 0, v0x140e66980_0;  alias, 1 drivers
v0x140e6dd80_0 .net "inp_west", 31 0, v0x140e6d330_0;  alias, 1 drivers
v0x140e6de30_0 .net "multi", 63 0, L_0x140e76280;  1 drivers
v0x140e6ded0_0 .var "outp_east", 31 0;
v0x140e6e000_0 .var "outp_south", 31 0;
v0x140e6e0b0_0 .var "result", 63 0;
v0x140e6e160_0 .net "rst", 0 0, v0x140e747e0_0;  alias, 1 drivers
L_0x140e76060 .concat [ 32 32 0 0], v0x140e66980_0, L_0x138040400;
L_0x140e76160 .concat [ 32 32 0 0], v0x140e6d330_0, L_0x138040448;
L_0x140e76280 .arith/mult 64, L_0x140e76060, L_0x140e76160;
S_0x140e6e260 .scope module, "P6" "block" 3 63, 4 27 0, S_0x140e48580;
 .timescale 0 0;
    .port_info 0 /INPUT 32 "inp_north";
    .port_info 1 /INPUT 32 "inp_west";
    .port_info 2 /INPUT 1 "clk";
    .port_info 3 /INPUT 1 "rst";
    .port_info 4 /OUTPUT 32 "outp_south";
    .port_info 5 /OUTPUT 32 "outp_east";
    .port_info 6 /OUTPUT 64 "result";
v0x140e6e4d0_0 .net *"_ivl_0", 63 0, L_0x140e763a0;  1 drivers
L_0x138040490 .functor BUFT 1, C4<00000000000000000000000000000000>, C4<0>, C4<0>, C4<0>;
v0x140e6e590_0 .net *"_ivl_3", 31 0, L_0x138040490;  1 drivers
v0x140e6e640_0 .net *"_ivl_4", 63 0, L_0x140e765c0;  1 drivers
L_0x1380404d8 .functor BUFT 1, C4<00000000000000000000000000000000>, C4<0>, C4<0>, C4<0>;
v0x140e6e700_0 .net *"_ivl_7", 31 0, L_0x1380404d8;  1 drivers
v0x140e6e7b0_0 .net "clk", 0 0, v0x140e74040_0;  alias, 1 drivers
v0x140e6e880_0 .net "inp_north", 31 0, v0x140e6bcf0_0;  alias, 1 drivers
v0x140e6e920_0 .net "inp_west", 31 0, v0x140e6ded0_0;  alias, 1 drivers
v0x140e6e9d0_0 .net "multi", 63 0, L_0x140e76680;  1 drivers
v0x140e6ea70_0 .var "outp_east", 31 0;
v0x140e6eba0_0 .var "outp_south", 31 0;
v0x140e6ec60_0 .var "result", 63 0;
v0x140e6ecf0_0 .net "rst", 0 0, v0x140e747e0_0;  alias, 1 drivers
L_0x140e763a0 .concat [ 32 32 0 0], v0x140e6bcf0_0, L_0x138040490;
L_0x140e765c0 .concat [ 32 32 0 0], v0x140e6ded0_0, L_0x1380404d8;
L_0x140e76680 .arith/mult 64, L_0x140e763a0, L_0x140e765c0;
S_0x140e6ee00 .scope module, "P7" "block" 3 64, 4 27 0, S_0x140e48580;
 .timescale 0 0;
    .port_info 0 /INPUT 32 "inp_north";
    .port_info 1 /INPUT 32 "inp_west";
    .port_info 2 /INPUT 1 "clk";
    .port_info 3 /INPUT 1 "rst";
    .port_info 4 /OUTPUT 32 "outp_south";
    .port_info 5 /OUTPUT 32 "outp_east";
    .port_info 6 /OUTPUT 64 "result";
v0x140e6f070_0 .net *"_ivl_0", 63 0, L_0x140e767a0;  1 drivers
L_0x138040520 .functor BUFT 1, C4<00000000000000000000000000000000>, C4<0>, C4<0>, C4<0>;
v0x140e6f130_0 .net *"_ivl_3", 31 0, L_0x138040520;  1 drivers
v0x140e6f1e0_0 .net *"_ivl_4", 63 0, L_0x140e768a0;  1 drivers
L_0x138040568 .functor BUFT 1, C4<00000000000000000000000000000000>, C4<0>, C4<0>, C4<0>;
v0x140e6f2a0_0 .net *"_ivl_7", 31 0, L_0x138040568;  1 drivers
v0x140e6f350_0 .net "clk", 0 0, v0x140e74040_0;  alias, 1 drivers
v0x140e6f420_0 .net "inp_north", 31 0, v0x140e6c8c0_0;  alias, 1 drivers
v0x140e6f4c0_0 .net "inp_west", 31 0, v0x140e6ea70_0;  alias, 1 drivers
v0x140e6f570_0 .net "multi", 63 0, L_0x140e769c0;  1 drivers
v0x140e6f610_0 .var "outp_east", 31 0;
v0x140e6f740_0 .var "outp_south", 31 0;
v0x140e6f800_0 .var "result", 63 0;
v0x140e6f890_0 .net "rst", 0 0, v0x140e747e0_0;  alias, 1 drivers
L_0x140e767a0 .concat [ 32 32 0 0], v0x140e6c8c0_0, L_0x138040520;
L_0x140e768a0 .concat [ 32 32 0 0], v0x140e6ea70_0, L_0x138040568;
L_0x140e769c0 .arith/mult 64, L_0x140e767a0, L_0x140e768a0;
S_0x140e6f9a0 .scope module, "P8" "block" 3 57, 4 27 0, S_0x140e48580;
 .timescale 0 0;
    .port_info 0 /INPUT 32 "inp_north";
    .port_info 1 /INPUT 32 "inp_west";
    .port_info 2 /INPUT 1 "clk";
    .port_info 3 /INPUT 1 "rst";
    .port_info 4 /OUTPUT 32 "outp_south";
    .port_info 5 /OUTPUT 32 "outp_east";
    .port_info 6 /OUTPUT 64 "result";
v0x140e6fc10_0 .net *"_ivl_0", 63 0, L_0x140e759c0;  1 drivers
L_0x1380402e0 .functor BUFT 1, C4<00000000000000000000000000000000>, C4<0>, C4<0>, C4<0>;
v0x140e6fcd0_0 .net *"_ivl_3", 31 0, L_0x1380402e0;  1 drivers
v0x140e6fd80_0 .net *"_ivl_4", 63 0, L_0x140e75ac0;  1 drivers
L_0x138040328 .functor BUFT 1, C4<00000000000000000000000000000000>, C4<0>, C4<0>, C4<0>;
v0x140e6fe40_0 .net *"_ivl_7", 31 0, L_0x138040328;  1 drivers
v0x140e6fef0_0 .net "clk", 0 0, v0x140e74040_0;  alias, 1 drivers
v0x140e6ffc0_0 .net "inp_north", 31 0, v0x140e6d460_0;  alias, 1 drivers
v0x140e70060_0 .net "inp_west", 31 0, v0x140e74640_0;  alias, 1 drivers
v0x140e70100_0 .net "multi", 63 0, L_0x140e75be0;  1 drivers
v0x140e701b0_0 .var "outp_east", 31 0;
v0x140e702e0_0 .var "outp_south", 31 0;
v0x140e703a0_0 .var "result", 63 0;
v0x140e70430_0 .net "rst", 0 0, v0x140e747e0_0;  alias, 1 drivers
L_0x140e759c0 .concat [ 32 32 0 0], v0x140e6d460_0, L_0x1380402e0;
L_0x140e75ac0 .concat [ 32 32 0 0], v0x140e74640_0, L_0x138040328;
L_0x140e75be0 .arith/mult 64, L_0x140e759c0, L_0x140e75ac0;
S_0x140e70540 .scope module, "P9" "block" 3 66, 4 27 0, S_0x140e48580;
 .timescale 0 0;
    .port_info 0 /INPUT 32 "inp_north";
    .port_info 1 /INPUT 32 "inp_west";
    .port_info 2 /INPUT 1 "clk";
    .port_info 3 /INPUT 1 "rst";
    .port_info 4 /OUTPUT 32 "outp_south";
    .port_info 5 /OUTPUT 32 "outp_east";
    .port_info 6 /OUTPUT 64 "result";
v0x140e707b0_0 .net *"_ivl_0", 63 0, L_0x140e76ae0;  1 drivers
L_0x1380405b0 .functor BUFT 1, C4<00000000000000000000000000000000>, C4<0>, C4<0>, C4<0>;
v0x140e70870_0 .net *"_ivl_3", 31 0, L_0x1380405b0;  1 drivers
v0x140e70920_0 .net *"_ivl_4", 63 0, L_0x140e76c00;  1 drivers
L_0x1380405f8 .functor BUFT 1, C4<00000000000000000000000000000000>, C4<0>, C4<0>, C4<0>;
v0x140e709e0_0 .net *"_ivl_7", 31 0, L_0x1380405f8;  1 drivers
v0x140e70a90_0 .net "clk", 0 0, v0x140e74040_0;  alias, 1 drivers
v0x140e70b60_0 .net "inp_north", 31 0, v0x140e6e000_0;  alias, 1 drivers
v0x140e70c00_0 .net "inp_west", 31 0, v0x140e701b0_0;  alias, 1 drivers
v0x140e70cb0_0 .net "multi", 63 0, L_0x140e76d20;  1 drivers
v0x140e70d50_0 .var "outp_east", 31 0;
v0x140e70e90_0 .var "outp_south", 31 0;
v0x140e70f20_0 .var "result", 63 0;
v0x140e70fb0_0 .net "rst", 0 0, v0x140e747e0_0;  alias, 1 drivers
L_0x140e76ae0 .concat [ 32 32 0 0], v0x140e6e000_0, L_0x1380405b0;
L_0x140e76c00 .concat [ 32 32 0 0], v0x140e701b0_0, L_0x1380405f8;
L_0x140e76d20 .arith/mult 64, L_0x140e76ae0, L_0x140e76c00;
    .scope S_0x140e449a0;
T_0 ;
    %wait E_0x140e0c340;
    %load/vec4 v0x140e65f20_0;
    %flag_set/vec4 8;
    %jmp/0xz  T_0.0, 8;
    %pushi/vec4 0, 0, 64;
    %assign/vec4 v0x140e65e70_0, 0;
    %pushi/vec4 0, 0, 32;
    %assign/vec4 v0x140e65cb0_0, 0;
    %pushi/vec4 0, 0, 32;
    %assign/vec4 v0x140e65dc0_0, 0;
    %jmp T_0.1;
T_0.0 ;
    %load/vec4 v0x140e65e70_0;
    %load/vec4 v0x140e65c00_0;
    %add;
    %assign/vec4 v0x140e65e70_0, 0;
    %load/vec4 v0x140e65b50_0;
    %assign/vec4 v0x140e65cb0_0, 0;
    %load/vec4 v0x140e65aa0_0;
    %assign/vec4 v0x140e65dc0_0, 0;
T_0.1 ;
    %jmp T_0;
    .thread T_0;
    .scope S_0x140e66030;
T_1 ;
    %wait E_0x140e0c340;
    %load/vec4 v0x140e66ae0_0;
    %flag_set/vec4 8;
    %jmp/0xz  T_1.0, 8;
    %pushi/vec4 0, 0, 64;
    %assign/vec4 v0x140e66a30_0, 0;
    %pushi/vec4 0, 0, 32;
    %assign/vec4 v0x140e66850_0, 0;
    %pushi/vec4 0, 0, 32;
    %assign/vec4 v0x140e66980_0, 0;
    %jmp T_1.1;
T_1.0 ;
    %load/vec4 v0x140e66a30_0;
    %load/vec4 v0x140e667b0_0;
    %add;
    %assign/vec4 v0x140e66a30_0, 0;
    %load/vec4 v0x140e666f0_0;
    %assign/vec4 v0x140e66850_0, 0;
    %load/vec4 v0x140e66650_0;
    %assign/vec4 v0x140e66980_0, 0;
T_1.1 ;
    %jmp T_1;
    .thread T_1;
    .scope S_0x140e6b2a0;
T_2 ;
    %wait E_0x140e0c340;
    %load/vec4 v0x140e6be10_0;
    %flag_set/vec4 8;
    %jmp/0xz  T_2.0, 8;
    %pushi/vec4 0, 0, 64;
    %assign/vec4 v0x140e6bd80_0, 0;
    %pushi/vec4 0, 0, 32;
    %assign/vec4 v0x140e6bbe0_0, 0;
    %pushi/vec4 0, 0, 32;
    %assign/vec4 v0x140e6bcf0_0, 0;
    %jmp T_2.1;
T_2.0 ;
    %load/vec4 v0x140e6bd80_0;
    %load/vec4 v0x140e6bb50_0;
    %add;
    %assign/vec4 v0x140e6bd80_0, 0;
    %load/vec4 v0x140e6ba90_0;
    %assign/vec4 v0x140e6bbe0_0, 0;
    %load/vec4 v0x140e6ba00_0;
    %assign/vec4 v0x140e6bcf0_0, 0;
T_2.1 ;
    %jmp T_2;
    .thread T_2;
    .scope S_0x140e6c000;
T_3 ;
    %wait E_0x140e0c340;
    %load/vec4 v0x140e6ca20_0;
    %flag_set/vec4 8;
    %jmp/0xz  T_3.0, 8;
    %pushi/vec4 0, 0, 64;
    %assign/vec4 v0x140e6c970_0, 0;
    %pushi/vec4 0, 0, 32;
    %assign/vec4 v0x140e6c790_0, 0;
    %pushi/vec4 0, 0, 32;
    %assign/vec4 v0x140e6c8c0_0, 0;
    %jmp T_3.1;
T_3.0 ;
    %load/vec4 v0x140e6c970_0;
    %load/vec4 v0x140e6c6f0_0;
    %add;
    %assign/vec4 v0x140e6c970_0, 0;
    %load/vec4 v0x140e6c650_0;
    %assign/vec4 v0x140e6c790_0, 0;
    %load/vec4 v0x140e6c5a0_0;
    %assign/vec4 v0x140e6c8c0_0, 0;
T_3.1 ;
    %jmp T_3;
    .thread T_3;
    .scope S_0x140e6cb20;
T_4 ;
    %wait E_0x140e0c340;
    %load/vec4 v0x140e6d5c0_0;
    %flag_set/vec4 8;
    %jmp/0xz  T_4.0, 8;
    %pushi/vec4 0, 0, 64;
    %assign/vec4 v0x140e6d510_0, 0;
    %pushi/vec4 0, 0, 32;
    %assign/vec4 v0x140e6d330_0, 0;
    %pushi/vec4 0, 0, 32;
    %assign/vec4 v0x140e6d460_0, 0;
    %jmp T_4.1;
T_4.0 ;
    %load/vec4 v0x140e6d510_0;
    %load/vec4 v0x140e6d280_0;
    %add;
    %assign/vec4 v0x140e6d510_0, 0;
    %load/vec4 v0x140e6d1e0_0;
    %assign/vec4 v0x140e6d330_0, 0;
    %load/vec4 v0x140e6d140_0;
    %assign/vec4 v0x140e6d460_0, 0;
T_4.1 ;
    %jmp T_4;
    .thread T_4;
    .scope S_0x140e6f9a0;
T_5 ;
    %wait E_0x140e0c340;
    %load/vec4 v0x140e70430_0;
    %flag_set/vec4 8;
    %jmp/0xz  T_5.0, 8;
    %pushi/vec4 0, 0, 64;
    %assign/vec4 v0x140e703a0_0, 0;
    %pushi/vec4 0, 0, 32;
    %assign/vec4 v0x140e701b0_0, 0;
    %pushi/vec4 0, 0, 32;
    %assign/vec4 v0x140e702e0_0, 0;
    %jmp T_5.1;
T_5.0 ;
    %load/vec4 v0x140e703a0_0;
    %load/vec4 v0x140e70100_0;
    %add;
    %assign/vec4 v0x140e703a0_0, 0;
    %load/vec4 v0x140e70060_0;
    %assign/vec4 v0x140e701b0_0, 0;
    %load/vec4 v0x140e6ffc0_0;
    %assign/vec4 v0x140e702e0_0, 0;
T_5.1 ;
    %jmp T_5;
    .thread T_5;
    .scope S_0x140e68380;
T_6 ;
    %wait E_0x140e0c340;
    %load/vec4 v0x140e68e80_0;
    %flag_set/vec4 8;
    %jmp/0xz  T_6.0, 8;
    %pushi/vec4 0, 0, 64;
    %assign/vec4 v0x140e68dd0_0, 0;
    %pushi/vec4 0, 0, 32;
    %assign/vec4 v0x140e68c30_0, 0;
    %pushi/vec4 0, 0, 32;
    %assign/vec4 v0x140e68d40_0, 0;
    %jmp T_6.1;
T_6.0 ;
    %load/vec4 v0x140e68dd0_0;
    %load/vec4 v0x140e68b80_0;
    %add;
    %assign/vec4 v0x140e68dd0_0, 0;
    %load/vec4 v0x140e68ad0_0;
    %assign/vec4 v0x140e68c30_0, 0;
    %load/vec4 v0x140e68a40_0;
    %assign/vec4 v0x140e68d40_0, 0;
T_6.1 ;
    %jmp T_6;
    .thread T_6;
    .scope S_0x140e6d6c0;
T_7 ;
    %wait E_0x140e0c340;
    %load/vec4 v0x140e6e160_0;
    %flag_set/vec4 8;
    %jmp/0xz  T_7.0, 8;
    %pushi/vec4 0, 0, 64;
    %assign/vec4 v0x140e6e0b0_0, 0;
    %pushi/vec4 0, 0, 32;
    %assign/vec4 v0x140e6ded0_0, 0;
    %pushi/vec4 0, 0, 32;
    %assign/vec4 v0x140e6e000_0, 0;
    %jmp T_7.1;
T_7.0 ;
    %load/vec4 v0x140e6e0b0_0;
    %load/vec4 v0x140e6de30_0;
    %add;
    %assign/vec4 v0x140e6e0b0_0, 0;
    %load/vec4 v0x140e6dd80_0;
    %assign/vec4 v0x140e6ded0_0, 0;
    %load/vec4 v0x140e6dce0_0;
    %assign/vec4 v0x140e6e000_0, 0;
T_7.1 ;
    %jmp T_7;
    .thread T_7;
    .scope S_0x140e6e260;
T_8 ;
    %wait E_0x140e0c340;
    %load/vec4 v0x140e6ecf0_0;
    %flag_set/vec4 8;
    %jmp/0xz  T_8.0, 8;
    %pushi/vec4 0, 0, 64;
    %assign/vec4 v0x140e6ec60_0, 0;
    %pushi/vec4 0, 0, 32;
    %assign/vec4 v0x140e6ea70_0, 0;
    %pushi/vec4 0, 0, 32;
    %assign/vec4 v0x140e6eba0_0, 0;
    %jmp T_8.1;
T_8.0 ;
    %load/vec4 v0x140e6ec60_0;
    %load/vec4 v0x140e6e9d0_0;
    %add;
    %assign/vec4 v0x140e6ec60_0, 0;
    %load/vec4 v0x140e6e920_0;
    %assign/vec4 v0x140e6ea70_0, 0;
    %load/vec4 v0x140e6e880_0;
    %assign/vec4 v0x140e6eba0_0, 0;
T_8.1 ;
    %jmp T_8;
    .thread T_8;
    .scope S_0x140e6ee00;
T_9 ;
    %wait E_0x140e0c340;
    %load/vec4 v0x140e6f890_0;
    %flag_set/vec4 8;
    %jmp/0xz  T_9.0, 8;
    %pushi/vec4 0, 0, 64;
    %assign/vec4 v0x140e6f800_0, 0;
    %pushi/vec4 0, 0, 32;
    %assign/vec4 v0x140e6f610_0, 0;
    %pushi/vec4 0, 0, 32;
    %assign/vec4 v0x140e6f740_0, 0;
    %jmp T_9.1;
T_9.0 ;
    %load/vec4 v0x140e6f800_0;
    %load/vec4 v0x140e6f570_0;
    %add;
    %assign/vec4 v0x140e6f800_0, 0;
    %load/vec4 v0x140e6f4c0_0;
    %assign/vec4 v0x140e6f610_0, 0;
    %load/vec4 v0x140e6f420_0;
    %assign/vec4 v0x140e6f740_0, 0;
T_9.1 ;
    %jmp T_9;
    .thread T_9;
    .scope S_0x140e70540;
T_10 ;
    %wait E_0x140e0c340;
    %load/vec4 v0x140e70fb0_0;
    %flag_set/vec4 8;
    %jmp/0xz  T_10.0, 8;
    %pushi/vec4 0, 0, 64;
    %assign/vec4 v0x140e70f20_0, 0;
    %pushi/vec4 0, 0, 32;
    %assign/vec4 v0x140e70d50_0, 0;
    %pushi/vec4 0, 0, 32;
    %assign/vec4 v0x140e70e90_0, 0;
    %jmp T_10.1;
T_10.0 ;
    %load/vec4 v0x140e70f20_0;
    %load/vec4 v0x140e70cb0_0;
    %add;
    %assign/vec4 v0x140e70f20_0, 0;
    %load/vec4 v0x140e70c00_0;
    %assign/vec4 v0x140e70d50_0, 0;
    %load/vec4 v0x140e70b60_0;
    %assign/vec4 v0x140e70e90_0, 0;
T_10.1 ;
    %jmp T_10;
    .thread T_10;
    .scope S_0x140e66bf0;
T_11 ;
    %wait E_0x140e0c340;
    %load/vec4 v0x140e676c0_0;
    %flag_set/vec4 8;
    %jmp/0xz  T_11.0, 8;
    %pushi/vec4 0, 0, 64;
    %assign/vec4 v0x140e67610_0, 0;
    %pushi/vec4 0, 0, 32;
    %assign/vec4 v0x140e67450_0, 0;
    %pushi/vec4 0, 0, 32;
    %assign/vec4 v0x140e67560_0, 0;
    %jmp T_11.1;
T_11.0 ;
    %load/vec4 v0x140e67610_0;
    %load/vec4 v0x140e673a0_0;
    %add;
    %assign/vec4 v0x140e67610_0, 0;
    %load/vec4 v0x140e672f0_0;
    %assign/vec4 v0x140e67450_0, 0;
    %load/vec4 v0x140e67260_0;
    %assign/vec4 v0x140e67560_0, 0;
T_11.1 ;
    %jmp T_11;
    .thread T_11;
    .scope S_0x140e67800;
T_12 ;
    %wait E_0x140e0c340;
    %load/vec4 v0x140e68280_0;
    %flag_set/vec4 8;
    %jmp/0xz  T_12.0, 8;
    %pushi/vec4 0, 0, 64;
    %assign/vec4 v0x140e681d0_0, 0;
    %pushi/vec4 0, 0, 32;
    %assign/vec4 v0x140e67ff0_0, 0;
    %pushi/vec4 0, 0, 32;
    %assign/vec4 v0x140e68120_0, 0;
    %jmp T_12.1;
T_12.0 ;
    %load/vec4 v0x140e681d0_0;
    %load/vec4 v0x140e67f50_0;
    %add;
    %assign/vec4 v0x140e681d0_0, 0;
    %load/vec4 v0x140e67eb0_0;
    %assign/vec4 v0x140e67ff0_0, 0;
    %load/vec4 v0x140e67e00_0;
    %assign/vec4 v0x140e68120_0, 0;
T_12.1 ;
    %jmp T_12;
    .thread T_12;
    .scope S_0x140e68fc0;
T_13 ;
    %wait E_0x140e0c340;
    %load/vec4 v0x140e69a60_0;
    %flag_set/vec4 8;
    %jmp/0xz  T_13.0, 8;
    %pushi/vec4 0, 0, 64;
    %assign/vec4 v0x140e699b0_0, 0;
    %pushi/vec4 0, 0, 32;
    %assign/vec4 v0x140e697d0_0, 0;
    %pushi/vec4 0, 0, 32;
    %assign/vec4 v0x140e69900_0, 0;
    %jmp T_13.1;
T_13.0 ;
    %load/vec4 v0x140e699b0_0;
    %load/vec4 v0x140e69730_0;
    %add;
    %assign/vec4 v0x140e699b0_0, 0;
    %load/vec4 v0x140e69690_0;
    %assign/vec4 v0x140e697d0_0, 0;
    %load/vec4 v0x140e695e0_0;
    %assign/vec4 v0x140e69900_0, 0;
T_13.1 ;
    %jmp T_13;
    .thread T_13;
    .scope S_0x140e69b60;
T_14 ;
    %wait E_0x140e0c340;
    %load/vec4 v0x140e6a600_0;
    %flag_set/vec4 8;
    %jmp/0xz  T_14.0, 8;
    %pushi/vec4 0, 0, 64;
    %assign/vec4 v0x140e6a550_0, 0;
    %pushi/vec4 0, 0, 32;
    %assign/vec4 v0x140e6a370_0, 0;
    %pushi/vec4 0, 0, 32;
    %assign/vec4 v0x140e6a4a0_0, 0;
    %jmp T_14.1;
T_14.0 ;
    %load/vec4 v0x140e6a550_0;
    %load/vec4 v0x140e6a2d0_0;
    %add;
    %assign/vec4 v0x140e6a550_0, 0;
    %load/vec4 v0x140e6a220_0;
    %assign/vec4 v0x140e6a370_0, 0;
    %load/vec4 v0x140e6a180_0;
    %assign/vec4 v0x140e6a4a0_0, 0;
T_14.1 ;
    %jmp T_14;
    .thread T_14;
    .scope S_0x140e6a700;
T_15 ;
    %wait E_0x140e0c340;
    %load/vec4 v0x140e6b1a0_0;
    %flag_set/vec4 8;
    %jmp/0xz  T_15.0, 8;
    %pushi/vec4 0, 0, 64;
    %assign/vec4 v0x140e6b0f0_0, 0;
    %pushi/vec4 0, 0, 32;
    %assign/vec4 v0x140e6af10_0, 0;
    %pushi/vec4 0, 0, 32;
    %assign/vec4 v0x140e6b040_0, 0;
    %jmp T_15.1;
T_15.0 ;
    %load/vec4 v0x140e6b0f0_0;
    %load/vec4 v0x140e6ae70_0;
    %add;
    %assign/vec4 v0x140e6b0f0_0, 0;
    %load/vec4 v0x140e6adc0_0;
    %assign/vec4 v0x140e6af10_0, 0;
    %load/vec4 v0x140e6ad20_0;
    %assign/vec4 v0x140e6b040_0, 0;
T_15.1 ;
    %jmp T_15;
    .thread T_15;
    .scope S_0x140e48580;
T_16 ;
    %wait E_0x140e0c340;
    %load/vec4 v0x140e73db0_0;
    %flag_set/vec4 8;
    %jmp/0xz  T_16.0, 8;
    %pushi/vec4 0, 0, 1;
    %assign/vec4 v0x140e71380_0, 0;
    %pushi/vec4 0, 0, 4;
    %assign/vec4 v0x140e6b900_0, 0;
    %jmp T_16.1;
T_16.0 ;
    %load/vec4 v0x140e6b900_0;
    %pad/u 32;
    %cmpi/e 9, 0, 32;
    %jmp/0xz  T_16.2, 4;
    %pushi/vec4 1, 0, 1;
    %assign/vec4 v0x140e71380_0, 0;
    %pushi/vec4 0, 0, 4;
    %assign/vec4 v0x140e6b900_0, 0;
    %jmp T_16.3;
T_16.2 ;
    %pushi/vec4 0, 0, 1;
    %assign/vec4 v0x140e71380_0, 0;
    %load/vec4 v0x140e6b900_0;
    %addi 1, 0, 4;
    %assign/vec4 v0x140e6b900_0, 0;
T_16.3 ;
T_16.1 ;
    %jmp T_16;
    .thread T_16;
    .scope S_0x140e40d80;
T_17 ;
    %delay 3, 0;
    %pushi/vec4 3, 0, 32;
    %assign/vec4 v0x140e744a0_0, 0;
    %pushi/vec4 12, 0, 32;
    %assign/vec4 v0x140e74160_0, 0;
    %delay 10, 0;
    %pushi/vec4 2, 0, 32;
    %assign/vec4 v0x140e744a0_0, 0;
    %pushi/vec4 8, 0, 32;
    %assign/vec4 v0x140e74160_0, 0;
    %delay 10, 0;
    %pushi/vec4 1, 0, 32;
    %assign/vec4 v0x140e744a0_0, 0;
    %pushi/vec4 4, 0, 32;
    %assign/vec4 v0x140e74160_0, 0;
    %delay 10, 0;
    %pushi/vec4 0, 0, 32;
    %assign/vec4 v0x140e744a0_0, 0;
    %pushi/vec4 0, 0, 32;
    %assign/vec4 v0x140e74160_0, 0;
    %delay 10, 0;
    %pushi/vec4 0, 0, 32;
    %assign/vec4 v0x140e744a0_0, 0;
    %pushi/vec4 0, 0, 32;
    %assign/vec4 v0x140e74160_0, 0;
    %delay 10, 0;
    %pushi/vec4 0, 0, 32;
    %assign/vec4 v0x140e744a0_0, 0;
    %pushi/vec4 0, 0, 32;
    %assign/vec4 v0x140e74160_0, 0;
    %delay 10, 0;
    %pushi/vec4 0, 0, 32;
    %assign/vec4 v0x140e744a0_0, 0;
    %pushi/vec4 0, 0, 32;
    %assign/vec4 v0x140e74160_0, 0;
    %end;
    .thread T_17;
    .scope S_0x140e40d80;
T_18 ;
    %delay 3, 0;
    %pushi/vec4 0, 0, 32;
    %assign/vec4 v0x140e74570_0, 0;
    %pushi/vec4 0, 0, 32;
    %assign/vec4 v0x140e74230_0, 0;
    %delay 10, 0;
    %pushi/vec4 7, 0, 32;
    %assign/vec4 v0x140e74570_0, 0;
    %pushi/vec4 13, 0, 32;
    %assign/vec4 v0x140e74230_0, 0;
    %delay 10, 0;
    %pushi/vec4 6, 0, 32;
    %assign/vec4 v0x140e74570_0, 0;
    %pushi/vec4 9, 0, 32;
    %assign/vec4 v0x140e74230_0, 0;
    %delay 10, 0;
    %pushi/vec4 5, 0, 32;
    %assign/vec4 v0x140e74570_0, 0;
    %pushi/vec4 5, 0, 32;
    %assign/vec4 v0x140e74230_0, 0;
    %delay 10, 0;
    %pushi/vec4 4, 0, 32;
    %assign/vec4 v0x140e74570_0, 0;
    %pushi/vec4 1, 0, 32;
    %assign/vec4 v0x140e74230_0, 0;
    %delay 10, 0;
    %pushi/vec4 0, 0, 32;
    %assign/vec4 v0x140e74570_0, 0;
    %pushi/vec4 0, 0, 32;
    %assign/vec4 v0x140e74230_0, 0;
    %delay 10, 0;
    %pushi/vec4 0, 0, 32;
    %assign/vec4 v0x140e74570_0, 0;
    %pushi/vec4 0, 0, 32;
    %assign/vec4 v0x140e74230_0, 0;
    %end;
    .thread T_18;
    .scope S_0x140e40d80;
T_19 ;
    %delay 3, 0;
    %pushi/vec4 0, 0, 32;
    %assign/vec4 v0x140e74640_0, 0;
    %pushi/vec4 0, 0, 32;
    %assign/vec4 v0x140e74300_0, 0;
    %delay 10, 0;
    %pushi/vec4 0, 0, 32;
    %assign/vec4 v0x140e74640_0, 0;
    %pushi/vec4 0, 0, 32;
    %assign/vec4 v0x140e74300_0, 0;
    %delay 10, 0;
    %pushi/vec4 11, 0, 32;
    %assign/vec4 v0x140e74640_0, 0;
    %pushi/vec4 14, 0, 32;
    %assign/vec4 v0x140e74300_0, 0;
    %delay 10, 0;
    %pushi/vec4 10, 0, 32;
    %assign/vec4 v0x140e74640_0, 0;
    %pushi/vec4 10, 0, 32;
    %assign/vec4 v0x140e74300_0, 0;
    %delay 10, 0;
    %pushi/vec4 9, 0, 32;
    %assign/vec4 v0x140e74640_0, 0;
    %pushi/vec4 6, 0, 32;
    %assign/vec4 v0x140e74300_0, 0;
    %delay 10, 0;
    %pushi/vec4 8, 0, 32;
    %assign/vec4 v0x140e74640_0, 0;
    %pushi/vec4 2, 0, 32;
    %assign/vec4 v0x140e74300_0, 0;
    %delay 10, 0;
    %pushi/vec4 0, 0, 32;
    %assign/vec4 v0x140e74640_0, 0;
    %pushi/vec4 0, 0, 32;
    %assign/vec4 v0x140e74300_0, 0;
    %end;
    .thread T_19;
    .scope S_0x140e40d80;
T_20 ;
    %delay 3, 0;
    %pushi/vec4 0, 0, 32;
    %assign/vec4 v0x140e74750_0, 0;
    %pushi/vec4 0, 0, 32;
    %assign/vec4 v0x140e74410_0, 0;
    %delay 10, 0;
    %pushi/vec4 0, 0, 32;
    %assign/vec4 v0x140e74750_0, 0;
    %pushi/vec4 0, 0, 32;
    %assign/vec4 v0x140e74410_0, 0;
    %delay 10, 0;
    %pushi/vec4 0, 0, 32;
    %assign/vec4 v0x140e74750_0, 0;
    %pushi/vec4 0, 0, 32;
    %assign/vec4 v0x140e74410_0, 0;
    %delay 10, 0;
    %pushi/vec4 15, 0, 32;
    %assign/vec4 v0x140e74750_0, 0;
    %pushi/vec4 15, 0, 32;
    %assign/vec4 v0x140e74410_0, 0;
    %delay 10, 0;
    %pushi/vec4 14, 0, 32;
    %assign/vec4 v0x140e74750_0, 0;
    %pushi/vec4 11, 0, 32;
    %assign/vec4 v0x140e74410_0, 0;
    %delay 10, 0;
    %pushi/vec4 13, 0, 32;
    %assign/vec4 v0x140e74750_0, 0;
    %pushi/vec4 7, 0, 32;
    %assign/vec4 v0x140e74410_0, 0;
    %delay 10, 0;
    %pushi/vec4 12, 0, 32;
    %assign/vec4 v0x140e74750_0, 0;
    %pushi/vec4 3, 0, 32;
    %assign/vec4 v0x140e74410_0, 0;
    %end;
    .thread T_20;
    .scope S_0x140e40d80;
T_21 ;
    %pushi/vec4 1, 0, 1;
    %assign/vec4 v0x140e747e0_0, 0;
    %pushi/vec4 0, 0, 1;
    %assign/vec4 v0x140e74040_0, 0;
    %delay 3, 0;
    %pushi/vec4 0, 0, 1;
    %assign/vec4 v0x140e747e0_0, 0;
    %end;
    .thread T_21;
    .scope S_0x140e40d80;
T_22 ;
    %pushi/vec4 21, 0, 32;
T_22.0 %dup/vec4;
    %pushi/vec4 0, 0, 32;
    %cmp/s;
    %jmp/1xz T_22.1, 5;
    %jmp/1 T_22.1, 4;
    %pushi/vec4 1, 0, 32;
    %sub;
    %delay 5, 0;
    %load/vec4 v0x140e74040_0;
    %inv;
    %assign/vec4 v0x140e74040_0, 0;
    %jmp T_22.0;
T_22.1 ;
    %pop/vec4 1;
    %end;
    .thread T_22;
    .scope S_0x140e40d80;
T_23 ;
    %vpi_call 2 124 "$dumpfile", "wave.vcd" {0 0 0};
    %vpi_call 2 125 "$dumpvars", 32'sb00000000000000000000000000000000, S_0x140e40d80 {0 0 0};
    %end;
    .thread T_23;
# The file index is used to find the file name in the following table.
:file_names 5;
    "N/A";
    "<interactive>";
    "sys_array_tb.v";
    "./systolic_array.v";
    "./block.v";
